<?xml version="1.0" encoding="UTF-8"?>
<!-- Generated by org.testng.reporters.JUnitReportReporter -->
<testsuite hostname="RPL025" failures="0" tests="1" name="com.rdocs.testscripts.RDocsLogin" time="8.026" errors="0" timestamp="2023-09-21T11:16:55 IST" skipped="0">
  <testcase classname="com.rdocs.testscripts.RDocsLogin" name="login" time="8.026"/>
</testsuite> <!-- com.rdocs.testscripts.RDocsLogin -->
